[01m[K/home/tdk/ros2_ws/src/navigation/src/check_point_4.cpp:[m[K In member function â€˜[01m[Kvoid SmoothPathGenerator::add_pose(double, double, double)[m[Kâ€™:
[01m[K/home/tdk/ros2_ws/src/navigation/src/check_point_4.cpp:125:9:[m[K [01;31m[Kerror: [m[Kâ€˜[01m[Ktf2[m[Kâ€™ has not been declared
  125 |         [01;31m[Ktf2[m[K::Quaternion q;
      |         [01;31m[K^~~[m[K
[01m[K/home/tdk/ros2_ws/src/navigation/src/check_point_4.cpp:126:9:[m[K [01;31m[Kerror: [m[Kâ€˜[01m[Kq[m[Kâ€™ was not declared in this scope
  126 |         [01;31m[Kq[m[K.setRPY(0, 0, yaw);
      |         [01;31m[K^[m[K
[01m[K/home/tdk/ros2_ws/src/navigation/src/check_point_4.cpp:127:33:[m[K [01;31m[Kerror: [m[Kâ€˜[01m[Ktf2[m[Kâ€™ has not been declared
  127 | ose.orientation = [01;31m[Ktf2[m[K::toMsg(q);
      |                   [01;31m[K^~~[m[K

gmake[2]: *** [CMakeFiles/check_point_4.dir/build.make:76: CMakeFiles/check_point_4.dir/src/check_point_4.cpp.o] Error 1
gmake[1]: *** [CMakeFiles/Makefile2:137: CMakeFiles/check_point_4.dir/all] Error 2
gmake: *** [Makefile:146: all] Error 2
