[  3%] Built target rospi_pre__cpp
Error copying directory from "/ros2_ws/build/rospi_pre/rosidl_generator_py/rospi_pre" to "/ros2_ws/build/rospi_pre/ament_cmake_python/rospi_pre/rospi_pre".
gmake[2]: *** [CMakeFiles/ament_cmake_python_copy_rospi_pre.dir/build.make:70: CMakeFiles/ament_cmake_python_copy_rospi_pre] Error 1
[ 12%] Built target rospi_pre__rosidl_generator_c
gmake[1]: *** [CMakeFiles/Makefile2:421: CMakeFiles/ament_cmake_python_copy_rospi_pre.dir/all] Error 2
gmake[1]: *** Waiting for unfinished jobs....
[ 22%] Built target rospi_pre__rosidl_typesupport_introspection_cpp
[ 32%] Built target rospi_pre__rosidl_typesupport_cpp
[ 41%] Built target rospi_pre__rosidl_typesupport_fastrtps_cpp
gmake: *** [Makefile:146: all] Error 2
