[35m[1mConsolidate compiler generated dependencies of target imread[0m
[ 14%] Built target coffee1
[ 21%] [32mBuilding CXX object CMakeFiles/imread.dir/src/imread.cpp.o[0m
[ 35%] Built target arm
[ 50%] Built target orange
[ 57%] [32mBuilding CXX object CMakeFiles/transform.dir/src/transform.cpp.o[0m
[ 71%] Built target coffee2
[ 78%] [32mBuilding CXX object CMakeFiles/TFsetup.dir/src/TFsetup.cpp.o[0m
[01m[K/ros2_ws/src/camera/src/imread.cpp:[m[K In member function â€˜[01m[Kvoid Imread::trigger(std_msgs::msg::Int32_<std::allocator<void> >::SharedPtr)[m[Kâ€™:
[01m[K/ros2_ws/src/camera/src/imread.cpp:23:16:[m[K [01;31m[Kerror: [m[Kâ€˜[01m[Korder[m[Kâ€™ was not declared in this scope
   23 |             if([01;31m[Korder[m[K.data == 1){
      |                [01;31m[K^~~~~[m[K
gmake[2]: *** [CMakeFiles/imread.dir/build.make:76: CMakeFiles/imread.dir/src/imread.cpp.o] Error 1
gmake[1]: *** [CMakeFiles/Makefile2:149: CMakeFiles/imread.dir/all] Error 2
gmake[1]: *** Waiting for unfinished jobs....
[ 85%] [32m[1mLinking CXX executable transform[0m
[ 92%] [32m[1mLinking CXX executable TFsetup[0m
[ 92%] Built target transform
[ 92%] Built target TFsetup
gmake: *** [Makefile:146: all] Error 2
