[0.012s] Invoking command in '/ros2_ws/build/camera': CMAKE_PREFIX_PATH=${CMAKE_PREFIX_PATH}:/opt/ros/humble /usr/bin/cmake --build /ros2_ws/build/camera -- -j12 -l12
[0.072s] [35m[1mConsolidate compiler generated dependencies of target imread[0m
[0.114s] [ 14%] Built target coffee1
[0.116s] [ 21%] [32mBuilding CXX object CMakeFiles/imread.dir/src/imread.cpp.o[0m
[0.117s] [ 35%] Built target arm
[0.117s] [ 50%] Built target orange
[0.122s] [ 57%] [32mBuilding CXX object CMakeFiles/transform.dir/src/transform.cpp.o[0m
[0.122s] [ 71%] Built target coffee2
[0.126s] [ 78%] [32mBuilding CXX object CMakeFiles/TFsetup.dir/src/TFsetup.cpp.o[0m
[2.944s] [01m[K/ros2_ws/src/camera/src/imread.cpp:[m[K In member function â€˜[01m[Kvoid Imread::trigger(std_msgs::msg::Int32_<std::allocator<void> >::SharedPtr)[m[Kâ€™:
[2.944s] [01m[K/ros2_ws/src/camera/src/imread.cpp:23:16:[m[K [01;31m[Kerror: [m[Kâ€˜[01m[Korder[m[Kâ€™ was not declared in this scope
[2.944s]    23 |             if([01;31m[Korder[m[K.data == 1){
[2.944s]       |                [01;31m[K^~~~~[m[K
[5.804s] gmake[2]: *** [CMakeFiles/imread.dir/build.make:76: CMakeFiles/imread.dir/src/imread.cpp.o] Error 1
[5.804s] gmake[1]: *** [CMakeFiles/Makefile2:149: CMakeFiles/imread.dir/all] Error 2
[5.804s] gmake[1]: *** Waiting for unfinished jobs....
[8.853s] [ 85%] [32m[1mLinking CXX executable transform[0m
[9.189s] [ 92%] [32m[1mLinking CXX executable TFsetup[0m
[9.246s] [ 92%] Built target transform
[9.600s] [ 92%] Built target TFsetup
[9.601s] gmake: *** [Makefile:146: all] Error 2
