[0.010s] Invoking command in '/ros2_ws/build/navigation': AMENT_PREFIX_PATH=/ros2_ws/install/rospi_pre:${AMENT_PREFIX_PATH} CMAKE_PREFIX_PATH=/opt/ros/humble:/ros2_ws/install/rospi_pre:${CMAKE_PREFIX_PATH} LD_LIBRARY_PATH=/ros2_ws/install/rospi_pre/lib:${LD_LIBRARY_PATH} PYTHONPATH=/ros2_ws/install/rospi_pre/local/lib/python3.10/dist-packages:${PYTHONPATH} /usr/bin/cmake --build /ros2_ws/build/navigation -- -j12 -l12
[0.068s] [35m[1mConsolidate compiler generated dependencies of target chassis_controller[0m
[0.069s] [35m[1mConsolidate compiler generated dependencies of target check_point_4[0m
[0.092s] [ 75%] Built target check_point_4
[0.092s] [ 75%] [32mBuilding CXX object CMakeFiles/chassis_controller.dir/src/chassis_controller.cpp.o[0m
[1.890s] [01m[K/ros2_ws/src/navigation/src/chassis_controller.cpp:76:8:[m[K [01;31m[Kerror: [m[Kâ€˜[01m[Kqueue[m[Kâ€™ in namespace â€˜[01m[Kstd[m[Kâ€™ does not name a template type
[1.890s]    76 |   std::[01;31m[Kqueue[m[K<std::pair<std::string, char>> path_queue_;
[1.890s]       |        [01;31m[K^~~~~[m[K
[1.890s] [01m[K/ros2_ws/src/navigation/src/chassis_controller.cpp:11:1:[m[K [01;36m[Knote: [m[Kâ€˜[01m[Kstd::queue[m[Kâ€™ is defined in header â€˜[01m[K<queue>[m[Kâ€™; did you forget to â€˜[01m[K#include <queue>[m[Kâ€™?
[1.890s]    10 | #include "rospi_pre/srv/chassis_manager.hpp"
[1.890s]   +++ |+[32m[K#include <queue>[m[K
[1.890s]    11 | 
[1.914s] [01m[K/ros2_ws/src/navigation/src/chassis_controller.cpp:[m[K In member function â€˜[01m[Kvoid ChassisController::setup_position_data()[m[Kâ€™:
[1.915s] [01m[K/ros2_ws/src/navigation/src/chassis_controller.cpp:103:5:[m[K [01;31m[Kerror: [m[Kâ€˜[01m[Kpath_queue_[m[Kâ€™ was not declared in this scope
[1.915s]   103 |     [01;31m[Kpath_queue_[m[K.push({"4_1_curve_end", 'c'});
[1.915s]       |     [01;31m[K^~~~~~~~~~~[m[K
[1.924s] [01m[K/ros2_ws/src/navigation/src/chassis_controller.cpp:[m[K In member function â€˜[01m[Kvoid ChassisController::chassis_callback(std::shared_ptr<rospi_pre::srv::ChassisManager_Request_<std::allocator<void> > >, std::shared_ptr<rospi_pre::srv::ChassisManager_Response_<std::allocator<void> > >)[m[Kâ€™:
[1.924s] [01m[K/ros2_ws/src/navigation/src/chassis_controller.cpp:154:5:[m[K [01;31m[Kerror: [m[Kâ€˜[01m[Kpath_queue_[m[Kâ€™ was not declared in this scope
[1.924s]   154 |     [01;31m[Kpath_queue_[m[K = {};
[1.924s]       |     [01;31m[K^~~~~~~~~~~[m[K
[1.930s] [01m[K/ros2_ws/src/navigation/src/chassis_controller.cpp:[m[K In member function â€˜[01m[Kvoid ChassisController::timer_callback()[m[Kâ€™:
[1.930s] [01m[K/ros2_ws/src/navigation/src/chassis_controller.cpp:193:14:[m[K [01;31m[Kerror: [m[Kâ€˜[01m[Kpath_queue_[m[Kâ€™ was not declared in this scope
[1.930s]   193 |         if (![01;31m[Kpath_queue_[m[K.empty()) {
[1.930s]       |              [01;31m[K^~~~~~~~~~~[m[K
[4.018s] gmake[2]: *** [CMakeFiles/chassis_controller.dir/build.make:76: CMakeFiles/chassis_controller.dir/src/chassis_controller.cpp.o] Error 1
[4.018s] gmake[1]: *** [CMakeFiles/Makefile2:165: CMakeFiles/chassis_controller.dir/all] Error 2
[4.019s] gmake: *** [Makefile:146: all] Error 2
[4.021s] Invoked command in '/ros2_ws/build/navigation' returned '2': AMENT_PREFIX_PATH=/ros2_ws/install/rospi_pre:${AMENT_PREFIX_PATH} CMAKE_PREFIX_PATH=/opt/ros/humble:/ros2_ws/install/rospi_pre:${CMAKE_PREFIX_PATH} LD_LIBRARY_PATH=/ros2_ws/install/rospi_pre/lib:${LD_LIBRARY_PATH} PYTHONPATH=/ros2_ws/install/rospi_pre/local/lib/python3.10/dist-packages:${PYTHONPATH} /usr/bin/cmake --build /ros2_ws/build/navigation -- -j12 -l12
