[0.010s] Invoking command in '/ros2_ws/build/rospi_pre': CMAKE_PREFIX_PATH=/opt/ros/humble /usr/bin/cmake --build /ros2_ws/build/rospi_pre -- -j12 -l12
[0.060s] Error copying directory from "/ros2_ws/build/rospi_pre/rosidl_generator_py/rospi_pre" to "/ros2_ws/build/rospi_pre/ament_cmake_python/rospi_pre/rospi_pre".
[0.061s] [  3%] Built target rospi_pre__cpp
[0.062s] gmake[2]: *** [CMakeFiles/ament_cmake_python_copy_rospi_pre.dir/build.make:70: CMakeFiles/ament_cmake_python_copy_rospi_pre] Error 1
[0.062s] gmake[1]: *** [CMakeFiles/Makefile2:421: CMakeFiles/ament_cmake_python_copy_rospi_pre.dir/all] Error 2
[0.062s] gmake[1]: *** Waiting for unfinished jobs....
[0.064s] [ 12%] Built target rospi_pre__rosidl_generator_c
[0.066s] gmake: *** [Makefile:146: all] Error 2
[0.070s] Invoked command in '/ros2_ws/build/rospi_pre' returned '2': CMAKE_PREFIX_PATH=/opt/ros/humble /usr/bin/cmake --build /ros2_ws/build/rospi_pre -- -j12 -l12
