[0.010s] Invoking command in '/ros2_ws/build/rospi_pre': /usr/bin/cmake --build /ros2_ws/build/rospi_pre -- -j12 -l12
[0.031s] -- Found ament_cmake: 1.3.11 (/opt/ros/humble/share/ament_cmake/cmake)
[0.122s] -- Found ament_cmake_ros: 0.10.0 (/opt/ros/humble/share/ament_cmake_ros/cmake)
[0.124s] -- Found rclcpp: 16.0.12 (/opt/ros/humble/share/rclcpp/cmake)
[0.145s] -- Found rosidl_generator_c: 3.1.6 (/opt/ros/humble/share/rosidl_generator_c/cmake)
[0.147s] -- Found rosidl_adapter: 3.1.6 (/opt/ros/humble/share/rosidl_adapter/cmake)
[0.151s] -- Found rosidl_generator_cpp: 3.1.6 (/opt/ros/humble/share/rosidl_generator_cpp/cmake)
[0.157s] -- Using all available rosidl_typesupport_c: rosidl_typesupport_fastrtps_c;rosidl_typesupport_introspection_c
[0.166s] -- Using all available rosidl_typesupport_cpp: rosidl_typesupport_fastrtps_cpp;rosidl_typesupport_introspection_cpp
[0.189s] -- Found rmw_implementation_cmake: 6.1.2 (/opt/ros/humble/share/rmw_implementation_cmake/cmake)
[0.190s] -- Found rmw_cyclonedds_cpp: 1.3.4 (/opt/ros/humble/share/rmw_cyclonedds_cpp/cmake)
[0.203s] -- Using RMW implementation 'rmw_cyclonedds_cpp' as default
[0.240s] -- Found geometry_msgs: 4.9.0 (/opt/ros/humble/share/geometry_msgs/cmake)
[0.248s] -- Found rosidl_default_generators: 1.2.0 (/opt/ros/humble/share/rosidl_default_generators/cmake)
[0.381s] Error parsing '/ros2_ws/src/rospi_pre/package.xml':
[0.381s] Traceback (most recent call last):
[0.381s]   File "/opt/ros/humble/share/ament_cmake_core/cmake/core/package_xml_2_cmake.py", line 150, in <module>
[0.381s]     main()
[0.381s]   File "/opt/ros/humble/share/ament_cmake_core/cmake/core/package_xml_2_cmake.py", line 53, in main
[0.381s]     raise e
[0.381s]   File "/opt/ros/humble/share/ament_cmake_core/cmake/core/package_xml_2_cmake.py", line 49, in main
[0.381s]     package = parse_package_string(
[0.381s]   File "/usr/lib/python3/dist-packages/catkin_pkg/package.py", line 786, in parse_package_string
[0.381s]     raise InvalidPackage('Error(s):%s' % (''.join(['\n- %s' % e for e in errors])), filename)
[0.382s] catkin_pkg.package.InvalidPackage: Error(s) in package '/ros2_ws/src/rospi_pre/package.xml':
[0.382s] Error(s):
[0.382s] - The generic dependency on 'std_msgs' is redundant with: build_depend, exec_depend
[0.387s] [31mCMake Error at /opt/ros/humble/share/ament_cmake_core/cmake/core/ament_package_xml.cmake:95 (message):
[0.387s]   execute_process(/usr/bin/python3
[0.387s]   /opt/ros/humble/share/ament_cmake_core/cmake/core/package_xml_2_cmake.py
[0.387s]   /ros2_ws/src/rospi_pre/package.xml
[0.387s]   /ros2_ws/build/rospi_pre/ament_cmake_core/package.cmake) returned error
[0.387s]   code 1
[0.387s] Call Stack (most recent call first):
[0.387s]   /opt/ros/humble/share/ament_cmake_core/cmake/core/ament_package_xml.cmake:49 (_ament_package_xml)
[0.387s]   /opt/ros/humble/share/rosidl_cmake/cmake/rosidl_generate_interfaces.cmake:226 (ament_package_xml)
[0.387s]   CMakeLists.txt:16 (rosidl_generate_interfaces)
[0.387s] 
[0.388s] [0m
[0.388s] -- Configuring incomplete, errors occurred!
[0.388s] See also "/ros2_ws/build/rospi_pre/CMakeFiles/CMakeOutput.log".
[0.393s] gmake: *** [Makefile:267: cmake_check_build_system] Error 1
[0.394s] Invoked command in '/ros2_ws/build/rospi_pre' returned '2': /usr/bin/cmake --build /ros2_ws/build/rospi_pre -- -j12 -l12
