[35m[1mConsolidate compiler generated dependencies of target check_point_4[0m
[ 50%] [32mBuilding CXX object CMakeFiles/check_point_4.dir/src/check_point_4.cpp.o[0m
[01m[K/ros2_ws/src/navigation/src/check_point_4.cpp:[m[K In member function â€˜[01m[Kvoid CurvedPathPublisher::publishTwist()[m[Kâ€™:
[01m[K/ros2_ws/src/navigation/src/check_point_4.cpp:130:17:[m[K [01;31m[Kerror: [m[Kâ€˜[01m[Klimit[m[Kâ€™ was not declared in this scope
  130 |         omega = [01;31m[Klimit[m[K(omega, 1.0);  // ä¾‹å¦‚ max_omega = 1.0 rad/s
      |                 [01;31m[K^~~~~[m[K
gmake[2]: *** [CMakeFiles/check_point_4.dir/build.make:76: CMakeFiles/check_point_4.dir/src/check_point_4.cpp.o] Error 1
gmake[1]: *** [CMakeFiles/Makefile2:137: CMakeFiles/check_point_4.dir/all] Error 2
gmake: *** [Makefile:146: all] Error 2
