[0.000000] (-) TimerEvent: {}
[0.000163] (navigation) JobQueued: {'identifier': 'navigation', 'dependencies': OrderedDict()}
[0.000211] (navigation) JobStarted: {'identifier': 'navigation'}
[0.007389] (navigation) JobProgress: {'identifier': 'navigation', 'progress': 'cmake'}
[0.007801] (navigation) JobProgress: {'identifier': 'navigation', 'progress': 'build'}
[0.008264] (navigation) Command: {'cmd': ['/usr/bin/cmake', '--build', '/home/tdk/ros2_ws/build/navigation', '--', '-j12', '-l12'], 'cwd': '/home/tdk/ros2_ws/build/navigation', 'env': OrderedDict([('HOSTNAME', 'yilan'), ('SHLVL', '1'), ('LD_LIBRARY_PATH', '/opt/ros/humble/opt/rviz_ogre_vendor/lib:/opt/ros/humble/lib/x86_64-linux-gnu:/opt/ros/humble/lib'), ('HOME', '/root'), ('OLDPWD', '/'), ('ROS_PYTHON_VERSION', '3'), ('COLCON_PREFIX_PATH', '/home/tdk/ros2_ws/install'), ('ROS_DISTRO', 'humble'), ('_', '/usr/bin/colcon'), ('ROS_VERSION', '2'), ('TERM', 'xterm'), ('ROS_LOCALHOST_ONLY', '0'), ('QT_X11_NO_MITSHM', '1'), ('PATH', '/opt/ros/humble/bin:/usr/local/sbin:/usr/local/bin:/usr/sbin:/usr/bin:/sbin:/bin'), ('DISPLAY', ':1'), ('LANG', 'C.UTF-8'), ('RMW_IMPLEMENTATION', 'rmw_cyclonedds_cpp'), ('LS_COLORS', 'rs=0:di=01;34:ln=01;36:mh=00:pi=40;33:so=01;35:do=01;35:bd=40;33;01:cd=40;33;01:or=40;31;01:mi=00:su=37;41:sg=30;43:ca=30;41:tw=30;42:ow=34;42:st=37;44:ex=01;32:*.tar=01;31:*.tgz=01;31:*.arc=01;31:*.arj=01;31:*.taz=01;31:*.lha=01;31:*.lz4=01;31:*.lzh=01;31:*.lzma=01;31:*.tlz=01;31:*.txz=01;31:*.tzo=01;31:*.t7z=01;31:*.zip=01;31:*.z=01;31:*.dz=01;31:*.gz=01;31:*.lrz=01;31:*.lz=01;31:*.lzo=01;31:*.xz=01;31:*.zst=01;31:*.tzst=01;31:*.bz2=01;31:*.bz=01;31:*.tbz=01;31:*.tbz2=01;31:*.tz=01;31:*.deb=01;31:*.rpm=01;31:*.jar=01;31:*.war=01;31:*.ear=01;31:*.sar=01;31:*.rar=01;31:*.alz=01;31:*.ace=01;31:*.zoo=01;31:*.cpio=01;31:*.7z=01;31:*.rz=01;31:*.cab=01;31:*.wim=01;31:*.swm=01;31:*.dwm=01;31:*.esd=01;31:*.jpg=01;35:*.jpeg=01;35:*.mjpg=01;35:*.mjpeg=01;35:*.gif=01;35:*.bmp=01;35:*.pbm=01;35:*.pgm=01;35:*.ppm=01;35:*.tga=01;35:*.xbm=01;35:*.xpm=01;35:*.tif=01;35:*.tiff=01;35:*.png=01;35:*.svg=01;35:*.svgz=01;35:*.mng=01;35:*.pcx=01;35:*.mov=01;35:*.mpg=01;35:*.mpeg=01;35:*.m2v=01;35:*.mkv=01;35:*.webm=01;35:*.webp=01;35:*.ogm=01;35:*.mp4=01;35:*.m4v=01;35:*.mp4v=01;35:*.vob=01;35:*.qt=01;35:*.nuv=01;35:*.wmv=01;35:*.asf=01;35:*.rm=01;35:*.rmvb=01;35:*.flc=01;35:*.avi=01;35:*.fli=01;35:*.flv=01;35:*.gl=01;35:*.dl=01;35:*.xcf=01;35:*.xwd=01;35:*.yuv=01;35:*.cgm=01;35:*.emf=01;35:*.ogv=01;35:*.ogx=01;35:*.aac=00;36:*.au=00;36:*.flac=00;36:*.m4a=00;36:*.mid=00;36:*.midi=00;36:*.mka=00;36:*.mp3=00;36:*.mpc=00;36:*.ogg=00;36:*.ra=00;36:*.wav=00;36:*.oga=00;36:*.opus=00;36:*.spx=00;36:*.xspf=00;36:'), ('ROS_DOMAIN_ID', '23'), ('AMENT_PREFIX_PATH', '/home/tdk/ros2_ws/install/navigation:/home/tdk/ros2_ws/install/cpp_pubsub:/opt/ros/humble'), ('PWD', '/home/tdk/ros2_ws/build/navigation'), ('LC_ALL', 'C.UTF-8'), ('PYTHONPATH', '/opt/ros/humble/lib/python3.10/site-packages:/opt/ros/humble/local/lib/python3.10/dist-packages'), ('COLCON', '1'), ('CMAKE_PREFIX_PATH', '/home/tdk/ros2_ws/install/navigation:/home/tdk/ros2_ws/install/cpp_pubsub:/opt/ros/humble')]), 'shell': False}
[0.059454] (navigation) StdoutLine: {'line': b'[ 50%] \x1b[32mBuilding CXX object CMakeFiles/check_point_4.dir/src/check_point_4.cpp.o\x1b[0m\n'}
[0.099350] (-) TimerEvent: {}
[0.199659] (-) TimerEvent: {}
[0.299960] (-) TimerEvent: {}
[0.400273] (-) TimerEvent: {}
[0.500548] (-) TimerEvent: {}
[0.600827] (-) TimerEvent: {}
[0.701107] (-) TimerEvent: {}
[0.801390] (-) TimerEvent: {}
[0.901667] (-) TimerEvent: {}
[1.001976] (-) TimerEvent: {}
[1.102366] (-) TimerEvent: {}
[1.202707] (-) TimerEvent: {}
[1.303015] (-) TimerEvent: {}
[1.403312] (-) TimerEvent: {}
[1.503605] (-) TimerEvent: {}
[1.603944] (-) TimerEvent: {}
[1.704246] (-) TimerEvent: {}
[1.804584] (-) TimerEvent: {}
[1.862494] (navigation) StderrLine: {'line': b'\x1b[01m\x1b[K/home/tdk/ros2_ws/src/navigation/src/check_point_4.cpp:\x1b[m\x1b[K In member function \xe2\x80\x98\x1b[01m\x1b[Kvoid SmoothPathGenerator::add_pose(double, double, double)\x1b[m\x1b[K\xe2\x80\x99:\n'}
[1.862782] (navigation) StderrLine: {'line': b'\x1b[01m\x1b[K/home/tdk/ros2_ws/src/navigation/src/check_point_4.cpp:125:9:\x1b[m\x1b[K \x1b[01;31m\x1b[Kerror: \x1b[m\x1b[K\xe2\x80\x98\x1b[01m\x1b[Ktf2\x1b[m\x1b[K\xe2\x80\x99 has not been declared\n'}
[1.862873] (navigation) StderrLine: {'line': b'  125 |         \x1b[01;31m\x1b[Ktf2\x1b[m\x1b[K::Quaternion q;\n'}
[1.862937] (navigation) StderrLine: {'line': b'      |         \x1b[01;31m\x1b[K^~~\x1b[m\x1b[K\n'}
[1.866206] (navigation) StderrLine: {'line': b'\x1b[01m\x1b[K/home/tdk/ros2_ws/src/navigation/src/check_point_4.cpp:126:9:\x1b[m\x1b[K \x1b[01;31m\x1b[Kerror: \x1b[m\x1b[K\xe2\x80\x98\x1b[01m\x1b[Kq\x1b[m\x1b[K\xe2\x80\x99 was not declared in this scope\n'}
[1.866326] (navigation) StderrLine: {'line': b'  126 |         \x1b[01;31m\x1b[Kq\x1b[m\x1b[K.setRPY(0, 0, yaw);\n'}
[1.866402] (navigation) StderrLine: {'line': b'      |         \x1b[01;31m\x1b[K^\x1b[m\x1b[K\n'}
[1.866465] (navigation) StderrLine: {'line': b'\x1b[01m\x1b[K/home/tdk/ros2_ws/src/navigation/src/check_point_4.cpp:127:33:\x1b[m\x1b[K \x1b[01;31m\x1b[Kerror: \x1b[m\x1b[K\xe2\x80\x98\x1b[01m\x1b[Ktf2\x1b[m\x1b[K\xe2\x80\x99 has not been declared\n'}
[1.866526] (navigation) StderrLine: {'line': b'  127 | ose.orientation = \x1b[01;31m\x1b[Ktf2\x1b[m\x1b[K::toMsg(q);\n'}
[1.866585] (navigation) StderrLine: {'line': b'      |                   \x1b[01;31m\x1b[K^~~\x1b[m\x1b[K\n'}
[1.866643] (navigation) StderrLine: {'line': b'\n'}
[1.904677] (-) TimerEvent: {}
[2.005012] (-) TimerEvent: {}
[2.105340] (-) TimerEvent: {}
[2.205665] (-) TimerEvent: {}
[2.305999] (-) TimerEvent: {}
[2.406314] (-) TimerEvent: {}
[2.447843] (navigation) StderrLine: {'line': b'gmake[2]: *** [CMakeFiles/check_point_4.dir/build.make:76: CMakeFiles/check_point_4.dir/src/check_point_4.cpp.o] Error 1\n'}
[2.448058] (navigation) StderrLine: {'line': b'gmake[1]: *** [CMakeFiles/Makefile2:137: CMakeFiles/check_point_4.dir/all] Error 2\n'}
[2.448255] (navigation) StderrLine: {'line': b'gmake: *** [Makefile:146: all] Error 2\n'}
[2.450598] (navigation) CommandEnded: {'returncode': 2}
[2.459651] (navigation) JobEnded: {'identifier': 'navigation', 'rc': 2}
[2.470218] (-) EventReactorShutdown: {}
