[35m[1mConsolidate compiler generated dependencies of target imread[0m
[35m[1mConsolidate compiler generated dependencies of target TFsetup[0m
[35m[1mConsolidate compiler generated dependencies of target transform[0m
[ 92%] Built target coffee1
[ 92%] Built target orange
[ 92%] [32mBuilding CXX object CMakeFiles/imread.dir/src/imread.cpp.o[0m
[ 92%] Built target arm
[ 92%] Built target TFsetup
[ 92%] Built target coffee2
[ 92%] Built target transform
[01m[K/ros2_ws/src/camera/src/imread.cpp:[m[K In member function â€˜[01m[Kvoid Imread::trigger(std_msgs::msg::Int32_<std::allocator<void> >::SharedPtr)[m[Kâ€™:
[01m[K/ros2_ws/src/camera/src/imread.cpp:23:16:[m[K [01;31m[Kerror: [m[Kâ€˜[01m[Korder[m[Kâ€™ was not declared in this scope
   23 |             if([01;31m[Korder[m[K.data == 1){
      |                [01;31m[K^~~~~[m[K
gmake[2]: *** [CMakeFiles/imread.dir/build.make:76: CMakeFiles/imread.dir/src/imread.cpp.o] Error 1
gmake[1]: *** [CMakeFiles/Makefile2:149: CMakeFiles/imread.dir/all] Error 2
gmake: *** [Makefile:146: all] Error 2
