[0.018s] Invoking command in '/ros2_ws/build/camera': CMAKE_PREFIX_PATH=${CMAKE_PREFIX_PATH}:/opt/ros/humble /usr/bin/cmake --build /ros2_ws/build/camera -- -j12 -l12
[0.082s] [35m[1mConsolidate compiler generated dependencies of target imread[0m
[0.103s] [35m[1mConsolidate compiler generated dependencies of target TFsetup[0m
[0.107s] [35m[1mConsolidate compiler generated dependencies of target transform[0m
[0.123s] [ 92%] Built target coffee1
[0.128s] [ 92%] Built target orange
[0.128s] [ 92%] [32mBuilding CXX object CMakeFiles/imread.dir/src/imread.cpp.o[0m
[0.132s] [ 92%] Built target arm
[0.136s] [ 92%] Built target TFsetup
[0.142s] [ 92%] Built target coffee2
[0.143s] [ 92%] Built target transform
[2.792s] [01m[K/ros2_ws/src/camera/src/imread.cpp:[m[K In member function â€˜[01m[Kvoid Imread::trigger(std_msgs::msg::Int32_<std::allocator<void> >::SharedPtr)[m[Kâ€™:
[2.793s] [01m[K/ros2_ws/src/camera/src/imread.cpp:23:16:[m[K [01;31m[Kerror: [m[Kâ€˜[01m[Korder[m[Kâ€™ was not declared in this scope
[2.793s]    23 |             if([01;31m[Korder[m[K.data == 1){
[2.793s]       |                [01;31m[K^~~~~[m[K
[5.593s] gmake[2]: *** [CMakeFiles/imread.dir/build.make:76: CMakeFiles/imread.dir/src/imread.cpp.o] Error 1
[5.593s] gmake[1]: *** [CMakeFiles/Makefile2:149: CMakeFiles/imread.dir/all] Error 2
[5.593s] gmake: *** [Makefile:146: all] Error 2
[5.596s] Invoked command in '/ros2_ws/build/camera' returned '2': CMAKE_PREFIX_PATH=${CMAKE_PREFIX_PATH}:/opt/ros/humble /usr/bin/cmake --build /ros2_ws/build/camera -- -j12 -l12
