[0.009s] Invoking command in '/home/tdk/ros2_ws/build/navigation': CMAKE_PREFIX_PATH=${CMAKE_PREFIX_PATH}:/opt/ros/humble /usr/bin/cmake --build /home/tdk/ros2_ws/build/navigation -- -j12 -l12
[0.047s] [35m[1mConsolidate compiler generated dependencies of target check_point_4[0m
[0.064s] [ 50%] [32mBuilding CXX object CMakeFiles/check_point_4.dir/src/check_point_4.cpp.o[0m
[0.273s] [01m[K/home/tdk/ros2_ws/src/navigation/src/check_point_4.cpp:4:10:[m[K [01;31m[Kfatal error: [m[Ktf2/LinearMath/Quaternion.h: No such file or directory
[0.274s]     4 | #include [01;31m[K<tf2/LinearMath/Quaternion.h>[m[K
[0.274s]       |          [01;31m[K^~~~~~~~~~~~~~~~~~~~~~~~~~~~~[m[K
[0.274s] compilation terminated.
[0.276s] gmake[2]: *** [CMakeFiles/check_point_4.dir/build.make:76: CMakeFiles/check_point_4.dir/src/check_point_4.cpp.o] Error 1
[0.277s] gmake[1]: *** [CMakeFiles/Makefile2:137: CMakeFiles/check_point_4.dir/all] Error 2
[0.277s] gmake: *** [Makefile:146: all] Error 2
[0.279s] Invoked command in '/home/tdk/ros2_ws/build/navigation' returned '2': CMAKE_PREFIX_PATH=${CMAKE_PREFIX_PATH}:/opt/ros/humble /usr/bin/cmake --build /home/tdk/ros2_ws/build/navigation -- -j12 -l12
